This file contains any messages produced by compilers while
running configure, to aid debugging if configure makes a mistake.

It was created by configure, which was
generated by GNU Autoconf 2.69.  Invocation command line was

  $ ./configure --with-apr=/usr/local/Cellar/apr/1.5.1/ --with-ssl=/usr/local/Cellar/openssl/1.0.2a-1/

## --------- ##
## Platform. ##
## --------- ##

hostname = cli47_206.eduroam.unine.ch
uname -m = x86_64
uname -r = 14.1.0
uname -s = Darwin
uname -v = Darwin Kernel Version 14.1.0: Thu Feb 26 19:26:47 PST 2015; root:xnu-2782.10.73~1/RELEASE_X86_64

/usr/bin/uname -p = i386
/bin/uname -X     = unknown

/bin/arch              = unknown
/usr/bin/arch -k       = unknown
/usr/convex/getsysinfo = unknown
/usr/bin/hostinfo      = Mach kernel version:
	 Darwin Kernel Version 14.1.0: Thu Feb 26 19:26:47 PST 2015; root:xnu-2782.10.73~1/RELEASE_X86_64
Kernel configured for up to 8 processors.
4 processors are physically available.
8 processors are logically available.
Processor type: i486 (Intel 80486)
Processors active: 0 1 2 3 4 5 6 7
Primary memory available: 8.00 gigabytes
Default processor set: 188 tasks, 840 threads, 8 processors
Load average: 1.46, Mach factor: 6.53
/bin/machine           = unknown
/usr/bin/oslevel       = unknown
/bin/universe          = unknown

PATH: /Users/leo/.rvm/gems/ruby-2.1.3/bin
PATH: /Users/leo/.rvm/gems/ruby-2.1.3@global/bin
PATH: /Users/leo/.rvm/rubies/ruby-2.1.3/bin
PATH: /usr/local/bin
PATH: /usr/bin
PATH: /bin
PATH: /usr/sbin
PATH: /sbin
PATH: /opt/X11/bin
PATH: /usr/local/MacGPG2/bin
PATH: /usr/texbin
PATH: /Applications/Postgres.app/Contents/Versions/9.3/bin
PATH: /usr/texbin
PATH: /Users/leo/java/javacc-5.0/bin
PATH: /Users/leo/.rvm/bin


## ----------- ##
## Core tests. ##
## ----------- ##

configure:2066: checking build system type
configure:2080: result: x86_64-apple-darwin14.1.0
configure:2100: checking host system type
configure:2113: result: x86_64-apple-darwin14.1.0
configure:2133: checking target system type
configure:2146: result: x86_64-apple-darwin14.1.0
configure:2187: checking for a BSD-compatible install
configure:2255: result: /usr/bin/install -c
configure:2273: checking for working mkdir -p
configure:2289: result: yes
configure:2382: checking for chosen layout
configure:2384: result: tcnative
configure:2539: checking for APR
configure:2618: result: yes
configure:2674: checking for JDK location (please wait)
configure:2712: result: /Library/Java/JavaVirtualMachines/jdk1.8.0_25.jdk/Contents/Home from environment
configure:2785: checking Java platform
configure:2808: checking Java platform
configure:2815: result: 
configure:2825: checking for sablevm
configure:2856: result: NONE
configure:2931: checking os_type directory
configure:3087: checking for gcc
configure:3114: result: clang
configure:3343: checking for C compiler version
configure:3352: clang --version >&5
Apple LLVM version 6.0 (clang-600.0.57) (based on LLVM 3.5svn)
Target: x86_64-apple-darwin14.1.0
Thread model: posix
configure:3363: $? = 0
configure:3352: clang -v >&5
Apple LLVM version 6.0 (clang-600.0.57) (based on LLVM 3.5svn)
Target: x86_64-apple-darwin14.1.0
Thread model: posix
configure:3363: $? = 0
configure:3352: clang -V >&5
clang: error: argument to '-V' is missing (expected 1 value)
clang: error: no input files
configure:3363: $? = 1
configure:3352: clang -qversion >&5
clang: error: unknown argument: '-qversion'
clang: error: no input files
configure:3363: $? = 1
configure:3383: checking whether the C compiler works
configure:3405: clang  -I/usr/local/opt/openssl/include  -L/usr/local/opt/openssl/lib  conftest.c  >&5
configure:3409: $? = 0
configure:3457: result: yes
configure:3460: checking for C compiler default output file name
configure:3462: result: a.out
configure:3468: checking for suffix of executables
configure:3475: clang -o conftest  -I/usr/local/opt/openssl/include  -L/usr/local/opt/openssl/lib  conftest.c  >&5
configure:3479: $? = 0
configure:3501: result: 
configure:3523: checking whether we are cross compiling
configure:3531: clang -o conftest  -I/usr/local/opt/openssl/include  -L/usr/local/opt/openssl/lib  conftest.c  >&5
configure:3535: $? = 0
configure:3542: ./conftest
configure:3546: $? = 0
configure:3561: result: no
configure:3566: checking for suffix of object files
configure:3588: clang -c  -I/usr/local/opt/openssl/include  conftest.c >&5
configure:3592: $? = 0
configure:3613: result: o
configure:3617: checking whether we are using the GNU C compiler
configure:3636: clang -c  -I/usr/local/opt/openssl/include  conftest.c >&5
configure:3636: $? = 0
configure:3645: result: yes
configure:3654: checking whether clang accepts -g
configure:3674: clang -c -g -I/usr/local/opt/openssl/include  conftest.c >&5
configure:3674: $? = 0
configure:3715: result: yes
configure:3732: checking for clang option to accept ISO C89
configure:3795: clang  -c -g -O2 -I/usr/local/opt/openssl/include  conftest.c >&5
configure:3795: $? = 0
configure:3808: result: none needed
configure:3831: checking for OpenSSL library
configure:3909: result: using openssl from /usr/local/Cellar/openssl/1.0.2a-1//lib and /usr/local/Cellar/openssl/1.0.2a-1//include
configure:3924: checking OpenSSL library version
configure:3948: clang -o conftest -g -O2 -I/usr/local/Cellar/openssl/1.0.2a-1//include -I/usr/local/opt/openssl/include  -L/usr/local/opt/openssl/lib  conftest.c  -L/usr/local/Cellar/openssl/1.0.2a-1//lib -lssl -lcrypto >&5
conftest.c:18:9: warning: format specifies type 'unsigned int' but the argument has type 'long' [-Wformat]
        OPENSSL_VERSION_NUMBER);
        ^~~~~~~~~~~~~~~~~~~~~~
/usr/local/Cellar/openssl/1.0.2a-1//include/openssl/opensslv.h:33:34: note: expanded from macro 'OPENSSL_VERSION_NUMBER'
# define OPENSSL_VERSION_NUMBER  0x1000201fL
                                 ^~~~~~~~~~~
1 warning generated.
configure:3948: $? = 0
configure:3948: ./conftest
configure:3948: $? = 0
configure:3949: result: ok
configure:3968: checking for OpenSSL DSA support
configure:3974: result: yes
configure:4374: creating ./config.status

## ---------------------- ##
## Running config.status. ##
## ---------------------- ##

This file was extended by config.status, which was
generated by GNU Autoconf 2.69.  Invocation command line was

  CONFIG_FILES    = 
  CONFIG_HEADERS  = 
  CONFIG_LINKS    = 
  CONFIG_COMMANDS = 
  $ ./config.status 

on cli47_206.eduroam.unine.ch

config.status:768: creating tcnative.pc
config.status:768: creating Makefile
config.status:934: executing default commands

## ---------------- ##
## Cache variables. ##
## ---------------- ##

ac_cv_build=x86_64-apple-darwin14.1.0
ac_cv_c_compiler_gnu=yes
ac_cv_env_CC_set=
ac_cv_env_CC_value=
ac_cv_env_CFLAGS_set=
ac_cv_env_CFLAGS_value=
ac_cv_env_CPPFLAGS_set=set
ac_cv_env_CPPFLAGS_value='-I/usr/local/opt/openssl/include '
ac_cv_env_LDFLAGS_set=set
ac_cv_env_LDFLAGS_value='-L/usr/local/opt/openssl/lib '
ac_cv_env_LIBS_set=
ac_cv_env_LIBS_value=
ac_cv_env_build_alias_set=
ac_cv_env_build_alias_value=
ac_cv_env_host_alias_set=
ac_cv_env_host_alias_value=
ac_cv_env_target_alias_set=
ac_cv_env_target_alias_value=
ac_cv_host=x86_64-apple-darwin14.1.0
ac_cv_mkdir_p=yes
ac_cv_objext=o
ac_cv_path_SABLEVM=NONE
ac_cv_path_install='/usr/bin/install -c'
ac_cv_prog_ac_ct_CC=clang
ac_cv_prog_cc_c89=
ac_cv_prog_cc_g=yes
ac_cv_target=x86_64-apple-darwin14.1.0

## ----------------- ##
## Output variables. ##
## ----------------- ##

APR_BUILD_DIR='/usr/local/Cellar/apr/1.5.1/libexec/build-1'
APR_INCLUDES=' -I/usr/local/Cellar/apr/1.5.1/libexec/include/apr-1 '
APR_LIBS=' /usr/local/Cellar/apr/1.5.1/libexec/lib/libapr-1.la -lpthread'
CC='clang'
CFLAGS='-g -O2 -DHAVE_OPENSSL'
CPPFLAGS='-I/usr/local/opt/openssl/include '
DEFS='-DPACKAGE_NAME=\"\" -DPACKAGE_TARNAME=\"\" -DPACKAGE_VERSION=\"\" -DPACKAGE_STRING=\"\" -DPACKAGE_BUGREPORT=\"\" -DPACKAGE_URL=\"\" -DHAVE_OPENSSL_DSA=1'
ECHO_C='\c'
ECHO_N=''
ECHO_T=''
EXEEXT=''
EXTRA_OS_LINK='$(TCNATIVE_LDFLAGS) $(TCNATIVE_LIBS)'
INCLUDE_OUTPUTS='include /Users/leo/Documents/uni/master/jboss/tomcat-openssl/src/main/c/build-outputs.mk'
INCLUDE_RULES='include /Users/leo/Documents/uni/master/jboss/tomcat-openssl/src/main/c/build/rules.mk'
INSTALL_DATA='${INSTALL} -m 644'
INSTALL_PROGRAM='${INSTALL}'
INSTALL_SCRIPT='${INSTALL}'
JAVA_HOME='/Library/Java/JavaVirtualMachines/jdk1.8.0_25.jdk/Contents/Home'
JAVA_OS='darwin'
JAVA_PLATFORM=''
LDFLAGS='-L/usr/local/opt/openssl/lib '
LIBOBJS=''
LIBS=''
LTLIBOBJS=''
OBJEXT='o'
PACKAGE_BUGREPORT=''
PACKAGE_NAME=''
PACKAGE_STRING=''
PACKAGE_TARNAME=''
PACKAGE_URL=''
PACKAGE_VERSION=''
PATH_SEPARATOR=':'
SABLEVM='NONE'
SHELL='/bin/sh'
TCNATIVE_DOTTED_VERSION='1.1.32'
TCNATIVE_EXPORT_LIBS=''
TCNATIVE_INCLUDES=''
TCNATIVE_LDFLAGS='-L/usr/local/Cellar/openssl/1.0.2a-1//lib -lssl -lcrypto -L/usr/local/opt/openssl/lib'
TCNATIVE_LIBNAME='tcnative-${TCNATIVE_MAJOR_VERSION}'
TCNATIVE_LIBS=' /usr/local/Cellar/apr/1.5.1/libexec/lib/libapr-1.la -lpthread'
TCNATIVE_LIBTOOL_VERSION='1:32:1'
TCNATIVE_MAJOR_VERSION='1'
TCNATIVE_PRIV_INCLUDES='-I/Users/leo/Documents/uni/master/jboss/tomcat-openssl/src/main/c/include -I/Library/Java/JavaVirtualMachines/jdk1.8.0_25.jdk/Contents/Home/include -I/Library/Java/JavaVirtualMachines/jdk1.8.0_25.jdk/Contents/Home/include/darwin -I/usr/local/Cellar/openssl/1.0.2a-1//include'
TCN_CONFIG_LOCATION='source'
abs_builddir='/Users/leo/Documents/uni/master/jboss/tomcat-openssl/src/main/c'
abs_srcdir='/Users/leo/Documents/uni/master/jboss/tomcat-openssl/src/main/c'
ac_ct_CC='clang'
bindir='${exec_prefix}/bin'
build='x86_64-apple-darwin14.1.0'
build_alias=''
build_cpu='x86_64'
build_os='darwin14.1.0'
build_vendor='apple'
datadir='${prefix}'
datarootdir='${prefix}/share'
docdir='${datarootdir}/doc/${PACKAGE}'
dvidir='${docdir}'
exec_prefix='${prefix}'
host='x86_64-apple-darwin14.1.0'
host_alias='Darwin'
host_cpu='x86_64'
host_os='darwin14.1.0'
host_vendor='apple'
htmldir='${docdir}'
includedir='${prefix}/include/apr-${TCNATIVE_MAJOR_VERSION}'
infodir='${datarootdir}/info'
lib_target='-rpath $(libdir) $(OBJECTS)'
libdir='${exec_prefix}/lib'
libexecdir='${exec_prefix}/modules'
localedir='${datarootdir}/locale'
localstatedir='${prefix}'
mandir='${prefix}/man'
oldincludedir='/usr/include'
pdfdir='${docdir}'
prefix='/usr/local/apr'
program_transform_name='s,x,x,'
psdir='${docdir}'
sbindir='${exec_prefix}/bin'
sharedstatedir='${prefix}/com'
so_ext='lo'
sysconfdir='${prefix}/conf'
target='x86_64-apple-darwin14.1.0'
target_alias=''
target_cpu='x86_64'
target_os='darwin14.1.0'
target_vendor='apple'
top_builddir='/Users/leo/Documents/uni/master/jboss/tomcat-openssl/src/main/c'

## ----------- ##
## confdefs.h. ##
## ----------- ##

/* confdefs.h */
#define PACKAGE_NAME ""
#define PACKAGE_TARNAME ""
#define PACKAGE_VERSION ""
#define PACKAGE_STRING ""
#define PACKAGE_BUGREPORT ""
#define PACKAGE_URL ""
#define HAVE_OPENSSL_DSA 1

configure: exit 0
